PS D:\GitHub\tatwats> .\deploy.bat
--- TATWATS Deploy Script ---
Stopping any currently running services to ensure a clean state...
time="2025-08-23T03:19:22-05:00" level=warning msg="D:\\GitHub\\tatwats\\docker-compose.yml: the attribute `version` is obsolete, it will be ignored, please remove it to avoid potential confusion"
Building and starting all services with Docker Compose...
time="2025-08-23T03:19:22-05:00" level=warning msg="D:\\GitHub\\tatwats\\docker-compose.yml: the attribute `version` is obsolete, it will be ignored, please remove it to avoid potential confusion"
#1 [internal] load local bake definitions
#1 reading from stdin 973B done
#1 DONE 0.0s

#2 [backend internal] load build definition from Dockerfile
#2 transferring dockerfile: 466B 0.0s done
#2 DONE 0.1s

#3 [frontend internal] load build definition from Dockerfile
#3 transferring dockerfile: 749B 0.0s done
#3 WARN: FromAsCasing: 'as' and 'FROM' keywords' casing do not match (line 2)
#3 DONE 0.1s

#4 [frontend internal] load metadata for docker.io/library/nginx:alpine      
#4 DONE 0.1s

#5 [backend internal] load metadata for docker.io/library/node:18-alpine
#5 DONE 0.4s

#6 [frontend internal] load .dockerignore
#6 transferring context: 2B done
#6 DONE 0.0s

#7 [backend internal] load .dockerignore
#7 transferring context: 2B done
#7 DONE 0.0s

#8 [frontend internal] load build context
#8 DONE 0.0s

#9 [backend internal] load build context
#9 transferring context: 57.00kB 0.1s done
#9 DONE 0.1s

#10 [backend 1/5] FROM docker.io/library/node:18-alpine@sha256:8d6421d663b4c28fd3ebc498332f249011d118945588d0a35cb9bc4b8ca09d9e 
#10 resolve docker.io/library/node:18-alpine@sha256:8d6421d663b4c28fd3ebc498332f249011d118945588d0a35cb9bc4b8ca09d9e 0.1s done  
#10 DONE 0.1s

#11 [frontend stage-1 1/3] FROM docker.io/library/nginx:alpine@sha256:42a516af16b852e33b7682d5ef8acbd5d13fe08fecadc7ed98605ba5e3b26ab8
#11 resolve docker.io/library/nginx:alpine@sha256:42a516af16b852e33b7682d5ef8acbd5d13fe08fecadc7ed98605ba5e3b26ab8 0.1s done
#11 DONE 0.1s

#12 [backend 3/5] COPY package*.json ./
#12 CACHED

#13 [backend 4/5] RUN npm install
#13 CACHED

#14 [backend 2/5] WORKDIR /app/server
#14 CACHED

#8 [frontend internal] load build context
#8 ...

#15 [backend 5/5] COPY . .
#15 CACHED

#16 [backend] exporting to image
#16 exporting layers done
#16 exporting manifest sha256:2c04b11ea95ad3207157b15feb8746fe84d912496bfd3612c800bf878b5c186b 0.0s done
#16 exporting config sha256:eb1809fdd1659f976e9b27a1927082243bdddcf58a2fea30a4741d66307a127a 0.0s done
#16 exporting attestation manifest sha256:ee9e2bde6e038102751a7ad212da6a908a66813d951bdab96df6785b899f4aaa
#16 exporting attestation manifest sha256:ee9e2bde6e038102751a7ad212da6a908a66813d951bdab96df6785b899f4aaa 0.2s done
#16 exporting manifest list sha256:aa4cd2d03c6f53df6464cb8530b73b69b85801e6abbfc869d0c4e2630e95a140
#16 exporting manifest list sha256:aa4cd2d03c6f53df6464cb8530b73b69b85801e6abbfc869d0c4e2630e95a140 0.2s done
#16 naming to docker.io/library/tatwats-backend:latest 0.0s done
#16 unpacking to docker.io/library/tatwats-backend:latest
#16 unpacking to docker.io/library/tatwats-backend:latest 0.1s done
#16 DONE 0.8s

#8 [frontend internal] load build context
#8 ...

#17 [backend] resolving provenance for metadata file
#17 DONE 0.2s

#8 [frontend internal] load build context
#8 transferring context: 3.09MB 2.5s done
#8 DONE 2.7s

#18 [frontend build 2/6] WORKDIR /app/client
#18 CACHED

#19 [frontend build 3/6] COPY package*.json ./
#19 CACHED

#20 [frontend build 4/6] RUN npm install
#20 CACHED

#21 [frontend build 5/6] COPY . .
#21 CACHED

#22 [frontend build 6/6] RUN npm run build
#22 0.631 
#22 0.631 > client@0.1.0 build
#22 0.631 > react-scripts build
#22 0.631
#22 3.091 Creating an optimized production build...
#22 15.01 Failed to compile.
#22 15.01
#22 15.01 [eslint] 
#22 15.01 src/App.js
#22 15.01 Syntax error: Identifier 'HelperAdmin' has already been declared. (13:7) (13:7)
#22 15.01
#22 15.01
#22 ERROR: process "/bin/sh -c npm run build" did not complete successfully: exit code: 1
------
 > [frontend build 6/6] RUN npm run build:
0.631 > react-scripts build
0.631
3.091 Creating an optimized production build...
15.01 Failed to compile.
15.01
15.01 [eslint]
15.01 src/App.js
15.01 Syntax error: Identifier 'HelperAdmin' has already been declared. (13:7) (13:7)
15.01
15.01
------
Dockerfile:17

--------------------

  15 |

  16 |     # Build the React app

  17 | >>> RUN npm run build

  18 |

  19 |     # Use a lightweight web server to serve the static files

--------------------

target frontend: failed to solve: process "/bin/sh -c npm run build" did not complete successfully: exit code: 1

Error: Failed to start services with Docker Compose.